This is pdfTeX, Version 3.14159265-2.6-1.40.15 (TeX Live 2014/W32TeX) (preloaded format=pdflatex 2014.10.29)  5 MAY 2015 08:39
entering extended mode
 restricted \write18 enabled.
 %&-line parsing enabled.
**./tutorial3.tex
(./tutorial3.tex
LaTeX2e <2014/05/01>
Babel <3.9l> and hyphenation patterns for 79 languages loaded.
(c:/w32tex/share/texmf-dist/tex/latex/base/article.cls
Document Class: article 2014/09/29 v1.4h Standard LaTeX document class
(c:/w32tex/share/texmf-dist/tex/latex/base/size11.clo
File: size11.clo 2014/09/29 v1.4h Standard LaTeX file (size option)
)
\c@part=\count79
\c@section=\count80
\c@subsection=\count81
\c@subsubsection=\count82
\c@paragraph=\count83
\c@subparagraph=\count84
\c@figure=\count85
\c@table=\count86
\abovecaptionskip=\skip41
\belowcaptionskip=\skip42
\bibindent=\dimen102
) (./tutorial3.aux)
\openout1 = `tutorial3.aux'.

LaTeX Font Info:    Checking defaults for OML/cmm/m/it on input line 3.
LaTeX Font Info:    ... okay on input line 3.
LaTeX Font Info:    Checking defaults for T1/cmr/m/n on input line 3.
LaTeX Font Info:    ... okay on input line 3.
LaTeX Font Info:    Checking defaults for OT1/cmr/m/n on input line 3.
LaTeX Font Info:    ... okay on input line 3.
LaTeX Font Info:    Checking defaults for OMS/cmsy/m/n on input line 3.
LaTeX Font Info:    ... okay on input line 3.
LaTeX Font Info:    Checking defaults for OMX/cmex/m/n on input line 3.
LaTeX Font Info:    ... okay on input line 3.
LaTeX Font Info:    Checking defaults for U/cmr/m/n on input line 3.
LaTeX Font Info:    ... okay on input line 3.
LaTeX Font Info:    External font `cmex10' loaded for size
(Font)              <10.95> on input line 5.
LaTeX Font Info:    External font `cmex10' loaded for size
(Font)              <8> on input line 5.
LaTeX Font Info:    External font `cmex10' loaded for size
(Font)              <6> on input line 5.

[1

{c:/w32tex/share/texmf-dist/fonts/map/pdftex/updmap/pdftex.map}]
(./tutorial3.aux) ) 
Here is how much of TeX's memory you used:
 220 strings out of 493109
 2414 string characters out of 6137232
 55967 words of memory out of 5000000
 3764 multiletter control sequences out of 15000+600000
 6379 words of font info for 23 fonts, out of 8000000 for 9000
 1141 hyphenation exceptions out of 8191
 21i,7n,19p,133b,107s stack positions out of 5000i,500n,10000p,500000b,80000s
<c:/w32tex/share/texmf-dist/fonts/type1/public/amsfonts/cm/c
mex10.pfb><c:/w32tex/share/texmf-dist/fonts/type1/public/amsfonts/cm/cmmi10.pfb
><c:/w32tex/share/texmf-dist/fonts/type1/public/amsfonts/cm/cmmi8.pfb><c:/w32te
x/share/texmf-dist/fonts/type1/public/amsfonts/cm/cmr10.pfb><c:/w32tex/share/te
xmf-dist/fonts/type1/public/amsfonts/cm/cmr8.pfb><c:/w32tex/share/texmf-dist/fo
nts/type1/public/amsfonts/cm/cmsy10.pfb>
Output written on tutorial3.pdf (1 page, 52436 bytes).
PDF statistics:
 32 PDF objects out of 1000 (max. 8388607)
 22 compressed objects within 1 object stream
 0 named destinations out of 1000 (max. 500000)
 1 words of extra memory for PDF output out of 10000 (max. 10000000)

