This is pdfTeX, Version 3.14159265-2.6-1.40.15 (TeX Live 2014/W32TeX) (preloaded format=pdflatex 2014.10.29)  5 MAY 2015 08:52
entering extended mode
 restricted \write18 enabled.
 %&-line parsing enabled.
**./tutorial5.tex
(./tutorial5.tex
LaTeX2e <2014/05/01>
Babel <3.9l> and hyphenation patterns for 79 languages loaded.
(c:/w32tex/share/texmf-dist/tex/latex/base/article.cls
Document Class: article 2014/09/29 v1.4h Standard LaTeX document class
(c:/w32tex/share/texmf-dist/tex/latex/base/size11.clo
File: size11.clo 2014/09/29 v1.4h Standard LaTeX file (size option)
)
\c@part=\count79
\c@section=\count80
\c@subsection=\count81
\c@subsubsection=\count82
\c@paragraph=\count83
\c@subparagraph=\count84
\c@figure=\count85
\c@table=\count86
\abovecaptionskip=\skip41
\belowcaptionskip=\skip42
\bibindent=\dimen102
) (./tutorial5.aux)
\openout1 = `tutorial5.aux'.

LaTeX Font Info:    Checking defaults for OML/cmm/m/it on input line 3.
LaTeX Font Info:    ... okay on input line 3.
LaTeX Font Info:    Checking defaults for T1/cmr/m/n on input line 3.
LaTeX Font Info:    ... okay on input line 3.
LaTeX Font Info:    Checking defaults for OT1/cmr/m/n on input line 3.
LaTeX Font Info:    ... okay on input line 3.
LaTeX Font Info:    Checking defaults for OMS/cmsy/m/n on input line 3.
LaTeX Font Info:    ... okay on input line 3.
LaTeX Font Info:    Checking defaults for OMX/cmex/m/n on input line 3.
LaTeX Font Info:    ... okay on input line 3.
LaTeX Font Info:    Checking defaults for U/cmr/m/n on input line 3.
LaTeX Font Info:    ... okay on input line 3.

(./tutorial5.toc
LaTeX Font Info:    External font `cmex10' loaded for size
(Font)              <10.95> on input line 2.
LaTeX Font Info:    External font `cmex10' loaded for size
(Font)              <8> on input line 2.
LaTeX Font Info:    External font `cmex10' loaded for size
(Font)              <6> on input line 2.
)
\tf@toc=\write3
\openout3 = `tutorial5.toc'.

 [1

{c:/w32tex/share/texmf-dist/fonts/map/pdftex/updmap/pdftex.map}]
LaTeX Font Info:    External font `cmex10' loaded for size
(Font)              <17.28> on input line 10.
LaTeX Font Info:    External font `cmex10' loaded for size
(Font)              <12> on input line 10.
 [2] [3] (./tutorial5.aux) ) 
Here is how much of TeX's memory you used:
 254 strings out of 493109
 2812 string characters out of 6137232
 55967 words of memory out of 5000000
 3787 multiletter control sequences out of 15000+600000
 10540 words of font info for 37 fonts, out of 8000000 for 9000
 1141 hyphenation exceptions out of 8191
 22i,6n,19p,171b,186s stack positions out of 5000i,500n,10000p,500000b,80000s
<c:/w32tex/share/texmf-dist/fonts/type1/public/amsf
onts/cm/cmbx10.pfb><c:/w32tex/share/texmf-dist/fonts/type1/public/amsfonts/cm/c
mbx12.pfb><c:/w32tex/share/texmf-dist/fonts/type1/public/amsfonts/cm/cmcsc10.pf
b><c:/w32tex/share/texmf-dist/fonts/type1/public/amsfonts/cm/cmmi10.pfb><c:/w32
tex/share/texmf-dist/fonts/type1/public/amsfonts/cm/cmr10.pfb><c:/w32tex/share/
texmf-dist/fonts/type1/public/amsfonts/cm/cmr12.pfb><c:/w32tex/share/texmf-dist
/fonts/type1/public/amsfonts/cm/cmr17.pfb><c:/w32tex/share/texmf-dist/fonts/typ
e1/public/amsfonts/cm/cmr6.pfb><c:/w32tex/share/texmf-dist/fonts/type1/public/a
msfonts/cm/cmti10.pfb><c:/w32tex/share/texmf-dist/fonts/type1/public/amsfonts/c
m/cmtt10.pfb>
Output written on tutorial5.pdf (3 pages, 113346 bytes).
PDF statistics:
 54 PDF objects out of 1000 (max. 8388607)
 38 compressed objects within 1 object stream
 0 named destinations out of 1000 (max. 500000)
 1 words of extra memory for PDF output out of 10000 (max. 10000000)

